execve("./hello", ["./hello"], 0x7eec836c /* 46 vars */) = 0 <0.001000>
brk(NULL)                               = 0x1ee1000 <0.000045>
uname({sysname="Linux", nodename="raspberrypi", ...}) = 0 <0.000046>
mmap2(NULL, 8192, PROT_READ|PROT_WRITE, MAP_PRIVATE|MAP_ANONYMOUS, -1, 0) = 0x76ffb000 <0.000053>
access("/etc/ld.so.preload", R_OK)      = 0 <0.000070>
openat(AT_FDCWD, "/etc/ld.so.preload", O_RDONLY|O_LARGEFILE|O_CLOEXEC) = 3 <0.000071>
fstat64(3, {st_mode=S_IFREG|0644, st_size=54, ...}) = 0 <0.000048>
mmap2(NULL, 54, PROT_READ|PROT_WRITE, MAP_PRIVATE, 3, 0) = 0x76ffa000 <0.000056>
close(3)                                = 0 <0.000043>
readlink("/proc/self/exe", "/home/pi/Projects/Linux\343\201\256\343\201\227\343\201\217"..., 4096) = 41 <0.000157>
openat(AT_FDCWD, "/usr/lib/arm-linux-gnueabihf/libarmmem-v7l.so", O_RDONLY|O_LARGEFILE|O_CLOEXEC) = 3 <0.000069>
read(3, "\177ELF\1\1\1\0\0\0\0\0\0\0\0\0\3\0(\0\1\0\0\0\254\3\0\0004\0\0\0"..., 512) = 512 <0.000054>
_llseek(3, 16748, [16748], SEEK_SET)    = 0 <0.000045>
read(3, "\0\0\0\0\0\0\0\0\0\0\0\0\0\0\0\0\0\0\0\0\0\0\0\0\0\0\0\0\0\0\0\0"..., 960) = 960 <0.000046>
_llseek(3, 16424, [16424], SEEK_SET)    = 0 <0.000041>
read(3, "A,\0\0\0aeabi\0\1\"\0\0\0\0056\0\6\6\10\1\t\2\n\3\f\1\22\4\24"..., 45) = 45 <0.000044>
_llseek(3, 16748, [16748], SEEK_SET)    = 0 <0.000045>
read(3, "\0\0\0\0\0\0\0\0\0\0\0\0\0\0\0\0\0\0\0\0\0\0\0\0\0\0\0\0\0\0\0\0"..., 960) = 960 <0.000049>
_llseek(3, 16424, [16424], SEEK_SET)    = 0 <0.000127>
read(3, "A,\0\0\0aeabi\0\1\"\0\0\0\0056\0\6\6\10\1\t\2\n\3\f\1\22\4\24"..., 45) = 45 <0.000048>
_llseek(3, 16748, [16748], SEEK_SET)    = 0 <0.000042>
read(3, "\0\0\0\0\0\0\0\0\0\0\0\0\0\0\0\0\0\0\0\0\0\0\0\0\0\0\0\0\0\0\0\0"..., 960) = 960 <0.000051>
_llseek(3, 16424, [16424], SEEK_SET)    = 0 <0.000043>
read(3, "A,\0\0\0aeabi\0\1\"\0\0\0\0056\0\6\6\10\1\t\2\n\3\f\1\22\4\24"..., 45) = 45 <0.000046>
_llseek(3, 16748, [16748], SEEK_SET)    = 0 <0.000043>
read(3, "\0\0\0\0\0\0\0\0\0\0\0\0\0\0\0\0\0\0\0\0\0\0\0\0\0\0\0\0\0\0\0\0"..., 960) = 960 <0.000060>
_llseek(3, 16424, [16424], SEEK_SET)    = 0 <0.000048>
read(3, "A,\0\0\0aeabi\0\1\"\0\0\0\0056\0\6\6\10\1\t\2\n\3\f\1\22\4\24"..., 45) = 45 <0.000048>
_llseek(3, 16748, [16748], SEEK_SET)    = 0 <0.000052>
read(3, "\0\0\0\0\0\0\0\0\0\0\0\0\0\0\0\0\0\0\0\0\0\0\0\0\0\0\0\0\0\0\0\0"..., 960) = 960 <0.000060>
_llseek(3, 16424, [16424], SEEK_SET)    = 0 <0.000046>
read(3, "A,\0\0\0aeabi\0\1\"\0\0\0\0056\0\6\6\10\1\t\2\n\3\f\1\22\4\24"..., 45) = 45 <0.000048>
_llseek(3, 16748, [16748], SEEK_SET)    = 0 <0.000042>
read(3, "\0\0\0\0\0\0\0\0\0\0\0\0\0\0\0\0\0\0\0\0\0\0\0\0\0\0\0\0\0\0\0\0"..., 960) = 960 <0.000052>
_llseek(3, 16424, [16424], SEEK_SET)    = 0 <0.000043>
read(3, "A,\0\0\0aeabi\0\1\"\0\0\0\0056\0\6\6\10\1\t\2\n\3\f\1\22\4\24"..., 45) = 45 <0.000045>
fstat64(3, {st_mode=S_IFREG|0644, st_size=17708, ...}) = 0 <0.000051>
mmap2(NULL, 81964, PROT_READ|PROT_EXEC, MAP_PRIVATE|MAP_DENYWRITE, 3, 0) = 0x76fb8000 <0.000073>
mprotect(0x76fbc000, 61440, PROT_NONE)  = 0 <0.000077>
mmap2(0x76fcb000, 8192, PROT_READ|PROT_WRITE, MAP_PRIVATE|MAP_FIXED|MAP_DENYWRITE, 3, 0x3000) = 0x76fcb000 <0.000108>
close(3)                                = 0 <0.000045>
munmap(0x76ffa000, 54)                  = 0 <0.000097>
openat(AT_FDCWD, "/etc/ld.so.cache", O_RDONLY|O_LARGEFILE|O_CLOEXEC) = 3 <0.000093>
fstat64(3, {st_mode=S_IFREG|0644, st_size=80850, ...}) = 0 <0.000049>
mmap2(NULL, 80850, PROT_READ, MAP_PRIVATE, 3, 0) = 0x76fa4000 <0.000058>
close(3)                                = 0 <0.000043>
openat(AT_FDCWD, "/lib/arm-linux-gnueabihf/libc.so.6", O_RDONLY|O_LARGEFILE|O_CLOEXEC) = 3 <0.000072>
read(3, "\177ELF\1\1\1\0\0\0\0\0\0\0\0\0\3\0(\0\1\0\0\0\300x\1\0004\0\0\0"..., 512) = 512 <0.000055>
_llseek(3, 1293204, [1293204], SEEK_SET) = 0 <0.000047>
read(3, "\0\0\0\0\0\0\0\0\0\0\0\0\0\0\0\0\0\0\0\0\0\0\0\0\0\0\0\0\0\0\0\0"..., 2800) = 2800 <0.000055>
_llseek(3, 1289788, [1289788], SEEK_SET) = 0 <0.000044>
read(3, "A.\0\0\0aeabi\0\1$\0\0\0\0056\0\6\6\10\1\t\1\n\2\22\4\23\1\24"..., 47) = 47 <0.000048>
_llseek(3, 1293204, [1293204], SEEK_SET) = 0 <0.000043>
read(3, "\0\0\0\0\0\0\0\0\0\0\0\0\0\0\0\0\0\0\0\0\0\0\0\0\0\0\0\0\0\0\0\0"..., 2800) = 2800 <0.000054>
_llseek(3, 1289788, [1289788], SEEK_SET) = 0 <0.000048>
read(3, "A.\0\0\0aeabi\0\1$\0\0\0\0056\0\6\6\10\1\t\1\n\2\22\4\23\1\24"..., 47) = 47 <0.000048>
_llseek(3, 1293204, [1293204], SEEK_SET) = 0 <0.000043>
read(3, "\0\0\0\0\0\0\0\0\0\0\0\0\0\0\0\0\0\0\0\0\0\0\0\0\0\0\0\0\0\0\0\0"..., 2800) = 2800 <0.000053>
_llseek(3, 1289788, [1289788], SEEK_SET) = 0 <0.000051>
read(3, "A.\0\0\0aeabi\0\1$\0\0\0\0056\0\6\6\10\1\t\1\n\2\22\4\23\1\24"..., 47) = 47 <0.000048>
_llseek(3, 1293204, [1293204], SEEK_SET) = 0 <0.000044>
read(3, "\0\0\0\0\0\0\0\0\0\0\0\0\0\0\0\0\0\0\0\0\0\0\0\0\0\0\0\0\0\0\0\0"..., 2800) = 2800 <0.000062>
_llseek(3, 1289788, [1289788], SEEK_SET) = 0 <0.000041>
read(3, "A.\0\0\0aeabi\0\1$\0\0\0\0056\0\6\6\10\1\t\1\n\2\22\4\23\1\24"..., 47) = 47 <0.000042>
_llseek(3, 1293204, [1293204], SEEK_SET) = 0 <0.000038>
read(3, "\0\0\0\0\0\0\0\0\0\0\0\0\0\0\0\0\0\0\0\0\0\0\0\0\0\0\0\0\0\0\0\0"..., 2800) = 2800 <0.000046>
_llseek(3, 1289788, [1289788], SEEK_SET) = 0 <0.000042>
read(3, "A.\0\0\0aeabi\0\1$\0\0\0\0056\0\6\6\10\1\t\1\n\2\22\4\23\1\24"..., 47) = 47 <0.000042>
_llseek(3, 1293204, [1293204], SEEK_SET) = 0 <0.000039>
read(3, "\0\0\0\0\0\0\0\0\0\0\0\0\0\0\0\0\0\0\0\0\0\0\0\0\0\0\0\0\0\0\0\0"..., 2800) = 2800 <0.000046>
_llseek(3, 1289788, [1289788], SEEK_SET) = 0 <0.000038>
read(3, "A.\0\0\0aeabi\0\1$\0\0\0\0056\0\6\6\10\1\t\1\n\2\22\4\23\1\24"..., 47) = 47 <0.000041>
fstat64(3, {st_mode=S_IFREG|0755, st_size=1296004, ...}) = 0 <0.000046>
mmap2(NULL, 1364764, PROT_READ|PROT_EXEC, MAP_PRIVATE|MAP_DENYWRITE, 3, 0) = 0x76e56000 <0.000071>
mprotect(0x76f8e000, 65536, PROT_NONE)  = 0 <0.000070>
mmap2(0x76f9e000, 12288, PROT_READ|PROT_WRITE, MAP_PRIVATE|MAP_FIXED|MAP_DENYWRITE, 3, 0x138000) = 0x76f9e000 <0.000091>
mmap2(0x76fa1000, 8988, PROT_READ|PROT_WRITE, MAP_PRIVATE|MAP_FIXED|MAP_ANONYMOUS, -1, 0) = 0x76fa1000 <0.000070>
close(3)                                = 0 <0.000041>
set_tls(0x76ffc160)                     = 0 <0.000039>
mprotect(0x76f9e000, 8192, PROT_READ)   = 0 <0.000053>
mprotect(0x76fcb000, 4096, PROT_READ)   = 0 <0.000055>
mprotect(0x20000, 4096, PROT_READ)      = 0 <0.000050>
mprotect(0x76ffd000, 4096, PROT_READ)   = 0 <0.000053>
munmap(0x76fa4000, 80850)               = 0 <0.000093>
fstat64(1, {st_mode=S_IFCHR|0620, st_rdev=makedev(0x88, 0), ...}) = 0 <0.000043>
brk(NULL)                               = 0x1ee1000 <0.000039>
brk(0x1f02000)                          = 0x1f02000 <0.000047>
write(1, "hello\n", 6)                  = 6 <0.000099>
exit_group(0)                           = ?
+++ exited with 0 +++
